[DB] 2023/09/13 17:00:28 E:/work/internal/config/db.go:34
[0.000ms] [rows:-] SELECT count(*) FROM sqlite_master WHERE type='table' AND name="drug"
[DB] 2023/09/13 17:00:28 E:/work/internal/config/db.go:34
[0.000ms] [rows:0] CREATE TABLE `drug` (`id` integer,`name` text,`measurement` real,`type` text,PRIMARY KEY (`id`))
[DB] 2023/09/13 17:00:28 E:/work/internal/config/db.go:34
[0.000ms] [rows:-] SELECT count(*) FROM sqlite_master WHERE type='table' AND name="doctor"
[DB] 2023/09/13 17:00:28 E:/work/internal/config/db.go:34
[0.000ms] [rows:0] CREATE TABLE `doctor` (`id` integer,`name` text,`department` text,`position` text,PRIMARY KEY (`id`))
[DB] 2023/09/13 17:00:28 E:/work/internal/config/db.go:34
[0.000ms] [rows:-] SELECT count(*) FROM sqlite_master WHERE type='table' AND name="sales"
[DB] 2023/09/13 17:00:28 E:/work/internal/config/db.go:34
[0.508ms] [rows:0] CREATE TABLE `sales` (`id` integer,`name` text,`purchase_price` real,`selling_price` real,PRIMARY KEY (`id`))
[DB] 2023/09/13 17:41:27 E:/work/internal/config/db.go:34
[0.000ms] [rows:-] SELECT count(*) FROM sqlite_master WHERE type='table' AND name="drug"
[DB] 2023/09/13 17:41:27 E:/work/internal/config/db.go:34
[0.037ms] [rows:0] CREATE TABLE `drug` (`id` integer,`name` text,`measurement` real,`type` text,PRIMARY KEY (`id`))
[DB] 2023/09/13 17:41:27 E:/work/internal/config/db.go:34
[0.000ms] [rows:-] SELECT count(*) FROM sqlite_master WHERE type='table' AND name="doctor"
[DB] 2023/09/13 17:41:27 E:/work/internal/config/db.go:34
[0.538ms] [rows:0] CREATE TABLE `doctor` (`id` integer,`name` text,`department` text,`position` text,PRIMARY KEY (`id`))
[DB] 2023/09/13 17:41:27 E:/work/internal/config/db.go:34
[0.000ms] [rows:-] SELECT count(*) FROM sqlite_master WHERE type='table' AND name="sales"
[DB] 2023/09/13 17:41:27 E:/work/internal/config/db.go:34
[0.980ms] [rows:0] CREATE TABLE `sales` (`id` integer,`name` text,`purchase_price` real,`selling_price` real,PRIMARY KEY (`id`))
[DB] 2023/09/13 17:48:29 E:/work/internal/config/db.go:34
[0.000ms] [rows:-] SELECT count(*) FROM sqlite_master WHERE type='table' AND name="drug"
[DB] 2023/09/13 17:48:29 E:/work/internal/config/db.go:34
[0.537ms] [rows:0] CREATE TABLE `drug` (`id` integer,`name` text,`measurement` real,`type` text,PRIMARY KEY (`id`))
[DB] 2023/09/13 17:48:29 E:/work/internal/config/db.go:34
[0.000ms] [rows:-] SELECT count(*) FROM sqlite_master WHERE type='table' AND name="doctor"
[DB] 2023/09/13 17:48:29 E:/work/internal/config/db.go:34
[0.503ms] [rows:0] CREATE TABLE `doctor` (`id` integer,`name` text,`department` text,`position` text,PRIMARY KEY (`id`))
[DB] 2023/09/13 17:48:29 E:/work/internal/config/db.go:34
[0.000ms] [rows:-] SELECT count(*) FROM sqlite_master WHERE type='table' AND name="sales"
[DB] 2023/09/13 17:48:29 E:/work/internal/config/db.go:34
[0.000ms] [rows:0] CREATE TABLE `sales` (`id` integer,`name` text,`purchase_price` real,`selling_price` real,PRIMARY KEY (`id`))
[DB] 2023/09/13 17:49:06 E:/work/internal/config/db.go:34
[0.000ms] [rows:-] SELECT count(*) FROM sqlite_master WHERE type='table' AND name="drug"
[DB] 2023/09/13 17:49:06 E:/work/internal/config/db.go:34
[0.762ms] [rows:0] CREATE TABLE `drug` (`id` integer,`name` text,`measurement` real,`type` text,PRIMARY KEY (`id`))
[DB] 2023/09/13 17:49:06 E:/work/internal/config/db.go:34
[0.029ms] [rows:-] SELECT count(*) FROM sqlite_master WHERE type='table' AND name="doctor"
[DB] 2023/09/13 17:49:06 E:/work/internal/config/db.go:34
[0.000ms] [rows:0] CREATE TABLE `doctor` (`id` integer,`name` text,`department` text,`position` text,PRIMARY KEY (`id`))
[DB] 2023/09/13 17:49:06 E:/work/internal/config/db.go:34
[0.000ms] [rows:-] SELECT count(*) FROM sqlite_master WHERE type='table' AND name="sales"
[DB] 2023/09/13 17:49:06 E:/work/internal/config/db.go:34
[0.000ms] [rows:0] CREATE TABLE `sales` (`id` integer,`name` text,`purchase_price` real,`selling_price` real,PRIMARY KEY (`id`))
[DB] 2023/09/13 22:23:02 E:/work/internal/config/db.go:34
[0.000ms] [rows:-] SELECT count(*) FROM sqlite_master WHERE type='table' AND name="drug"
[DB] 2023/09/13 22:23:02 E:/work/internal/config/db.go:34
[0.155ms] [rows:0] CREATE TABLE `drug` (`id` integer,`name` text,`measurement` real,`type` text,PRIMARY KEY (`id`))
[DB] 2023/09/13 22:23:02 E:/work/internal/config/db.go:34
[0.000ms] [rows:-] SELECT count(*) FROM sqlite_master WHERE type='table' AND name="doctor"
[DB] 2023/09/13 22:23:02 E:/work/internal/config/db.go:34
[0.535ms] [rows:0] CREATE TABLE `doctor` (`id` integer,`name` text,`department` text,`position` text,PRIMARY KEY (`id`))
[DB] 2023/09/13 22:23:02 E:/work/internal/config/db.go:34
[0.000ms] [rows:-] SELECT count(*) FROM sqlite_master WHERE type='table' AND name="sales"
[DB] 2023/09/13 22:23:02 E:/work/internal/config/db.go:34
[0.000ms] [rows:0] CREATE TABLE `sales` (`id` integer,`name` text,`purchase_price` real,`selling_price` real,PRIMARY KEY (`id`))
[DB] 2023/09/13 22:27:17 E:/work/internal/config/db.go:34
[0.000ms] [rows:-] SELECT count(*) FROM sqlite_master WHERE type='table' AND name="drug"
[DB] 2023/09/13 22:27:17 E:/work/internal/config/db.go:34
[0.000ms] [rows:0] CREATE TABLE `drug` (`id` integer,`name` text,`measurement` real,`type` text,PRIMARY KEY (`id`))
[DB] 2023/09/13 22:27:17 E:/work/internal/config/db.go:34
[0.000ms] [rows:-] SELECT count(*) FROM sqlite_master WHERE type='table' AND name="doctor"
[DB] 2023/09/13 22:27:17 E:/work/internal/config/db.go:34
[0.000ms] [rows:0] CREATE TABLE `doctor` (`id` integer,`name` text,`department` text,`position` text,PRIMARY KEY (`id`))
[DB] 2023/09/13 22:27:17 E:/work/internal/config/db.go:34
[0.000ms] [rows:-] SELECT count(*) FROM sqlite_master WHERE type='table' AND name="sales"
[DB] 2023/09/13 22:27:17 E:/work/internal/config/db.go:34
[0.000ms] [rows:0] CREATE TABLE `sales` (`id` integer,`name` text,`purchase_price` real,`selling_price` real,PRIMARY KEY (`id`))
[DB] 2023/09/13 22:34:07 E:/work/internal/config/db.go:34
[0.000ms] [rows:-] SELECT count(*) FROM sqlite_master WHERE type='table' AND name="drug"
[DB] 2023/09/13 22:34:07 E:/work/internal/config/db.go:34
[0.000ms] [rows:0] CREATE TABLE `drug` (`id` integer,`name` text,`measurement` real,`type` text,PRIMARY KEY (`id`))
[DB] 2023/09/13 22:34:07 E:/work/internal/config/db.go:34
[0.000ms] [rows:-] SELECT count(*) FROM sqlite_master WHERE type='table' AND name="doctor"
[DB] 2023/09/13 22:34:07 E:/work/internal/config/db.go:34
[0.000ms] [rows:0] CREATE TABLE `doctor` (`id` integer,`name` text,`department` text,`position` text,PRIMARY KEY (`id`))
[DB] 2023/09/13 22:34:07 E:/work/internal/config/db.go:34
[0.000ms] [rows:-] SELECT count(*) FROM sqlite_master WHERE type='table' AND name="sales"
[DB] 2023/09/13 22:34:07 E:/work/internal/config/db.go:34
[0.000ms] [rows:0] CREATE TABLE `sales` (`id` integer,`name` text,`purchase_price` real,`selling_price` real,PRIMARY KEY (`id`))
[DB] 2023/09/13 22:41:31 E:/work/internal/config/db.go:34
[0.000ms] [rows:-] SELECT count(*) FROM sqlite_master WHERE type='table' AND name="drug"
[DB] 2023/09/13 22:41:31 E:/work/internal/config/db.go:34
[0.000ms] [rows:0] CREATE TABLE `drug` (`id` integer,`name` text,`measurement` real,`type` text,PRIMARY KEY (`id`))
[DB] 2023/09/13 22:41:31 E:/work/internal/config/db.go:34
[0.000ms] [rows:-] SELECT count(*) FROM sqlite_master WHERE type='table' AND name="doctor"
[DB] 2023/09/13 22:41:31 E:/work/internal/config/db.go:34
[0.000ms] [rows:0] CREATE TABLE `doctor` (`id` integer,`name` text,`department` text,`position` text,PRIMARY KEY (`id`))
[DB] 2023/09/13 22:41:31 E:/work/internal/config/db.go:34
[0.000ms] [rows:-] SELECT count(*) FROM sqlite_master WHERE type='table' AND name="sales"
[DB] 2023/09/13 22:41:31 E:/work/internal/config/db.go:34
[0.000ms] [rows:0] CREATE TABLE `sales` (`id` integer,`name` text,`purchase_price` real,`selling_price` real,PRIMARY KEY (`id`))
[DB] 2023/09/13 22:42:45 E:/work/internal/config/db.go:34
[0.000ms] [rows:-] SELECT count(*) FROM sqlite_master WHERE type='table' AND name="drug"
[DB] 2023/09/13 22:42:45 E:/work/internal/config/db.go:34
[0.519ms] [rows:0] CREATE TABLE `drug` (`id` integer,`name` text,`measurement` real,`type` text,PRIMARY KEY (`id`))
[DB] 2023/09/13 22:42:45 E:/work/internal/config/db.go:34
[0.000ms] [rows:-] SELECT count(*) FROM sqlite_master WHERE type='table' AND name="doctor"
[DB] 2023/09/13 22:42:45 E:/work/internal/config/db.go:34
[0.000ms] [rows:0] CREATE TABLE `doctor` (`id` integer,`name` text,`department` text,`position` text,PRIMARY KEY (`id`))
[DB] 2023/09/13 22:42:45 E:/work/internal/config/db.go:34
[0.000ms] [rows:-] SELECT count(*) FROM sqlite_master WHERE type='table' AND name="sales"
[DB] 2023/09/13 22:42:45 E:/work/internal/config/db.go:34
[0.000ms] [rows:0] CREATE TABLE `sales` (`id` integer,`name` text,`purchase_price` real,`selling_price` real,PRIMARY KEY (`id`))
[DB] 2023/09/13 22:44:24 E:/work/internal/config/db.go:34
[0.000ms] [rows:-] SELECT count(*) FROM sqlite_master WHERE type='table' AND name="drug"
[DB] 2023/09/13 22:44:24 E:/work/internal/config/db.go:34
[0.569ms] [rows:0] CREATE TABLE `drug` (`id` integer,`name` text,`measurement` real,`type` text,PRIMARY KEY (`id`))
[DB] 2023/09/13 22:44:24 E:/work/internal/config/db.go:34
[0.000ms] [rows:-] SELECT count(*) FROM sqlite_master WHERE type='table' AND name="doctor"
[DB] 2023/09/13 22:44:24 E:/work/internal/config/db.go:34
[0.506ms] [rows:0] CREATE TABLE `doctor` (`id` integer,`name` text,`department` text,`position` text,PRIMARY KEY (`id`))
[DB] 2023/09/13 22:44:24 E:/work/internal/config/db.go:34
[0.000ms] [rows:-] SELECT count(*) FROM sqlite_master WHERE type='table' AND name="sales"
[DB] 2023/09/13 22:44:24 E:/work/internal/config/db.go:34
[0.034ms] [rows:0] CREATE TABLE `sales` (`id` integer,`name` text,`purchase_price` real,`selling_price` real,PRIMARY KEY (`id`))
[DB] 2023/09/13 22:44:36 E:/work/internal/drug/repository/repository_mysql.go:26
[0.000ms] [rows:1] INSERT INTO `drug` (`name`,`measurement`,`type`) VALUES ("test",1.1,"test") RETURNING `id`
[DB] 2023/09/13 22:44:55 E:/work/internal/drug/repository/repository_mysql.go:21
[0.680ms] [rows:1] SELECT * FROM `drug`
[DB] 2023/09/13 22:45:05 E:/work/internal/drug/repository/repository_mysql.go:26
[0.614ms] [rows:1] INSERT INTO `drug` (`name`,`measurement`,`type`) VALUES ("test",1.1,"test") RETURNING `id`
[DB] 2023/09/13 22:45:06 E:/work/internal/drug/repository/repository_mysql.go:26
[0.820ms] [rows:1] INSERT INTO `drug` (`name`,`measurement`,`type`) VALUES ("test",1.1,"test") RETURNING `id`
[DB] 2023/09/13 22:45:07 E:/work/internal/drug/repository/repository_mysql.go:26
[0.734ms] [rows:1] INSERT INTO `drug` (`name`,`measurement`,`type`) VALUES ("test",1.1,"test") RETURNING `id`
[DB] 2023/09/13 22:45:10 E:/work/internal/drug/repository/repository_mysql.go:21
[0.000ms] [rows:4] SELECT * FROM `drug`
[DB] 2023/09/13 22:45:29 E:/work/internal/drug/repository/repository_mysql.go:30
[1.134ms] [rows:1] UPDATE `drug` SET `id`=2,`name`="update-put",`measurement`=1.1,`type`="test" WHERE id = 2
[DB] 2023/09/13 22:45:34 E:/work/internal/drug/repository/repository_mysql.go:21
[0.000ms] [rows:4] SELECT * FROM `drug`
[DB] 2023/09/13 22:47:22 E:/work/internal/config/db.go:34
[0.000ms] [rows:-] SELECT count(*) FROM sqlite_master WHERE type='table' AND name="drug"
[DB] 2023/09/13 22:47:22 E:/work/internal/config/db.go:34
[0.000ms] [rows:0] CREATE TABLE `drug` (`id` integer,`name` text,`measurement` real,`type` text,PRIMARY KEY (`id`))
[DB] 2023/09/13 22:47:22 E:/work/internal/config/db.go:34
[0.000ms] [rows:-] SELECT count(*) FROM sqlite_master WHERE type='table' AND name="doctor"
[DB] 2023/09/13 22:47:22 E:/work/internal/config/db.go:34
[0.000ms] [rows:0] CREATE TABLE `doctor` (`id` integer,`name` text,`department` text,`position` text,PRIMARY KEY (`id`))
[DB] 2023/09/13 22:47:22 E:/work/internal/config/db.go:34
[0.000ms] [rows:-] SELECT count(*) FROM sqlite_master WHERE type='table' AND name="sales"
[DB] 2023/09/13 22:47:22 E:/work/internal/config/db.go:34
[0.528ms] [rows:0] CREATE TABLE `sales` (`id` integer,`name` text,`purchase_price` real,`selling_price` real,PRIMARY KEY (`id`))
[DB] 2023/09/13 22:47:39 E:/work/internal/config/db.go:34
[0.000ms] [rows:-] SELECT count(*) FROM sqlite_master WHERE type='table' AND name="drug"
[DB] 2023/09/13 22:47:39 E:/work/internal/config/db.go:34
[0.000ms] [rows:0] CREATE TABLE `drug` (`id` integer,`name` text,`measurement` real,`type` text,PRIMARY KEY (`id`))
[DB] 2023/09/13 22:47:39 E:/work/internal/config/db.go:34
[0.000ms] [rows:-] SELECT count(*) FROM sqlite_master WHERE type='table' AND name="doctor"
[DB] 2023/09/13 22:47:39 E:/work/internal/config/db.go:34
[0.000ms] [rows:0] CREATE TABLE `doctor` (`id` integer,`name` text,`department` text,`position` text,PRIMARY KEY (`id`))
[DB] 2023/09/13 22:47:39 E:/work/internal/config/db.go:34
[0.017ms] [rows:-] SELECT count(*) FROM sqlite_master WHERE type='table' AND name="sales"
[DB] 2023/09/13 22:47:39 E:/work/internal/config/db.go:34
[0.000ms] [rows:0] CREATE TABLE `sales` (`id` integer,`name` text,`purchase_price` real,`selling_price` real,PRIMARY KEY (`id`))
[DB] 2023/09/13 22:47:43 E:/work/internal/drug/repository/repository_mysql.go:34
[0.528ms] [rows:0] DELETE FROM `drug` WHERE `drug`.`id` = 1
[DB] 2023/09/13 22:48:01 E:/work/internal/drug/repository/repository_mysql.go:21
[0.304ms] [rows:0] SELECT * FROM `drug`
[DB] 2023/09/13 22:48:12 E:/work/internal/drug/repository/repository_mysql.go:26
[0.613ms] [rows:1] INSERT INTO `drug` (`name`,`measurement`,`type`) VALUES ("update-put",1.1,"test") RETURNING `id`
[DB] 2023/09/13 22:48:13 E:/work/internal/drug/repository/repository_mysql.go:26
[0.402ms] [rows:1] INSERT INTO `drug` (`name`,`measurement`,`type`) VALUES ("update-put",1.1,"test") RETURNING `id`
[DB] 2023/09/13 22:48:14 E:/work/internal/drug/repository/repository_mysql.go:26
[0.587ms] [rows:1] INSERT INTO `drug` (`name`,`measurement`,`type`) VALUES ("update-put",1.1,"test") RETURNING `id`
[DB] 2023/09/13 22:48:18 E:/work/internal/drug/repository/repository_mysql.go:21
[0.481ms] [rows:3] SELECT * FROM `drug`
[DB] 2023/09/13 22:48:28 E:/work/internal/drug/repository/repository_mysql.go:34
[0.129ms] [rows:1] DELETE FROM `drug` WHERE `drug`.`id` = 2
[DB] 2023/09/13 22:48:35 E:/work/internal/drug/repository/repository_mysql.go:21
[0.569ms] [rows:2] SELECT * FROM `drug`
[DB] 2023/09/13 22:51:03 E:/work/internal/config/db.go:34
[0.000ms] [rows:-] SELECT count(*) FROM sqlite_master WHERE type='table' AND name="drug"
[DB] 2023/09/13 22:51:03 E:/work/internal/config/db.go:34
[0.000ms] [rows:0] CREATE TABLE `drug` (`id` integer,`name` text,`measurement` real,`type` text,PRIMARY KEY (`id`))
[DB] 2023/09/13 22:51:03 E:/work/internal/config/db.go:34
[0.540ms] [rows:-] SELECT count(*) FROM sqlite_master WHERE type='table' AND name="doctor"
[DB] 2023/09/13 22:51:03 E:/work/internal/config/db.go:34
[0.000ms] [rows:0] CREATE TABLE `doctor` (`id` integer,`name` text,`department` text,`position` text,PRIMARY KEY (`id`))
[DB] 2023/09/13 22:51:03 E:/work/internal/config/db.go:34
[0.000ms] [rows:-] SELECT count(*) FROM sqlite_master WHERE type='table' AND name="sales"
[DB] 2023/09/13 22:51:03 E:/work/internal/config/db.go:34
[0.000ms] [rows:0] CREATE TABLE `sales` (`id` integer,`name` text,`purchase_price` real,`selling_price` real,PRIMARY KEY (`id`))
[DB] 2023/09/13 22:51:03 E:/work/internal/config/db.go:45 near "INSERT": syntax error
[0.000ms] [rows:0] INSERT INTO `drug` (`name`, `measurement`, `type`)
VALUES ("test", 1.1, "test")

INSERT INTO `drug` (`name`, `measurement`, `type`)
VALUES ("test", 1.1, "test")

INSERT INTO `drug` (`name`, `measurement`, `type`)
VALUES ("test", 1.1, "test")

INSERT INTO `drug` (`name`, `measurement`, `type`)
VALUES ("test", 1.1, "test")

INSERT INTO `drug` (`name`, `measurement`, `type`)
VALUES ("test", 1.1, "test")

INSERT INTO `drug` (`name`, `measurement`, `type`)
VALUES ("test", 1.1, "test")
[DB] 2023/09/13 22:51:54 E:/work/internal/config/db.go:34
[0.000ms] [rows:-] SELECT count(*) FROM sqlite_master WHERE type='table' AND name="drug"
[DB] 2023/09/13 22:51:54 E:/work/internal/config/db.go:34
[0.000ms] [rows:0] CREATE TABLE `drug` (`id` integer,`name` text,`measurement` real,`type` text,PRIMARY KEY (`id`))
[DB] 2023/09/13 22:51:54 E:/work/internal/config/db.go:34
[0.000ms] [rows:-] SELECT count(*) FROM sqlite_master WHERE type='table' AND name="doctor"
[DB] 2023/09/13 22:51:54 E:/work/internal/config/db.go:34
[0.000ms] [rows:0] CREATE TABLE `doctor` (`id` integer,`name` text,`department` text,`position` text,PRIMARY KEY (`id`))
[DB] 2023/09/13 22:51:54 E:/work/internal/config/db.go:34
[0.000ms] [rows:-] SELECT count(*) FROM sqlite_master WHERE type='table' AND name="sales"
[DB] 2023/09/13 22:51:54 E:/work/internal/config/db.go:34
[0.000ms] [rows:0] CREATE TABLE `sales` (`id` integer,`name` text,`purchase_price` real,`selling_price` real,PRIMARY KEY (`id`))
[DB] 2023/09/13 22:51:54 E:/work/internal/config/db.go:45
[0.000ms] [rows:1] INSERT INTO `drug` (`name`, `measurement`, `type`) VALUES ("test", 1.1, "test");
INSERT INTO `drug` (`name`, `measurement`, `type`) VALUES ("test", 1.1, "test");
INSERT INTO `drug` (`name`, `measurement`, `type`) VALUES ("test", 1.1, "test");
INSERT INTO `drug` (`name`, `measurement`, `type`) VALUES ("test", 1.1, "test");
INSERT INTO `drug` (`name`, `measurement`, `type`) VALUES ("test", 1.1, "test");
INSERT INTO `drug` (`name`, `measurement`, `type`) VALUES ("test", 1.1, "test");
[DB] 2023/09/13 22:52:00 E:/work/internal/drug/repository/repository_mysql.go:21
[0.000ms] [rows:1] SELECT * FROM `drug`
[DB] 2023/09/13 22:53:10 E:/work/internal/config/db.go:34
[0.000ms] [rows:-] SELECT count(*) FROM sqlite_master WHERE type='table' AND name="drug"
[DB] 2023/09/13 22:53:10 E:/work/internal/config/db.go:34
[0.000ms] [rows:0] CREATE TABLE `drug` (`id` integer,`name` text,`measurement` real,`type` text,PRIMARY KEY (`id`))
[DB] 2023/09/13 22:53:10 E:/work/internal/config/db.go:34
[0.141ms] [rows:-] SELECT count(*) FROM sqlite_master WHERE type='table' AND name="doctor"
[DB] 2023/09/13 22:53:10 E:/work/internal/config/db.go:34
[0.000ms] [rows:0] CREATE TABLE `doctor` (`id` integer,`name` text,`department` text,`position` text,PRIMARY KEY (`id`))
[DB] 2023/09/13 22:53:10 E:/work/internal/config/db.go:34
[0.000ms] [rows:-] SELECT count(*) FROM sqlite_master WHERE type='table' AND name="sales"
[DB] 2023/09/13 22:53:10 E:/work/internal/config/db.go:34
[0.000ms] [rows:0] CREATE TABLE `sales` (`id` integer,`name` text,`purchase_price` real,`selling_price` real,PRIMARY KEY (`id`))
[DB] 2023/09/13 22:53:10 E:/work/internal/config/db.go:45
[0.000ms] [rows:1] INSERT INTO `drug` (`name`, `measurement`, `type`) VALUES ("test", 1.1, "test");
INSERT INTO `drug` (`name`, `measurement`, `type`) VALUES ("test", 1.1, "test");
INSERT INTO `drug` (`name`, `measurement`, `type`) VALUES ("test", 1.1, "test");
INSERT INTO `drug` (`name`, `measurement`, `type`) VALUES ("test", 1.1, "test");
INSERT INTO `drug` (`name`, `measurement`, `type`) VALUES ("test", 1.1, "test");
INSERT INTO `drug` (`name`, `measurement`, `type`) VALUES ("test", 1.1, "test");
[DB] 2023/09/13 22:53:13 E:/work/internal/drug/repository/repository_mysql.go:21
[0.602ms] [rows:1] SELECT * FROM `drug`
[DB] 2023/09/13 22:54:04 E:/work/internal/config/db.go:34
[0.000ms] [rows:-] SELECT count(*) FROM sqlite_master WHERE type='table' AND name="drug"
[DB] 2023/09/13 22:54:04 E:/work/internal/config/db.go:34
[0.000ms] [rows:0] CREATE TABLE `drug` (`id` integer,`name` text,`measurement` real,`type` text,PRIMARY KEY (`id`))
[DB] 2023/09/13 22:54:04 E:/work/internal/config/db.go:34
[0.000ms] [rows:-] SELECT count(*) FROM sqlite_master WHERE type='table' AND name="doctor"
[DB] 2023/09/13 22:54:04 E:/work/internal/config/db.go:34
[0.042ms] [rows:0] CREATE TABLE `doctor` (`id` integer,`name` text,`department` text,`position` text,PRIMARY KEY (`id`))
[DB] 2023/09/13 22:54:04 E:/work/internal/config/db.go:34
[0.000ms] [rows:-] SELECT count(*) FROM sqlite_master WHERE type='table' AND name="sales"
[DB] 2023/09/13 22:54:04 E:/work/internal/config/db.go:34
[0.119ms] [rows:0] CREATE TABLE `sales` (`id` integer,`name` text,`purchase_price` real,`selling_price` real,PRIMARY KEY (`id`))
[DB] 2023/09/13 22:54:04 E:/work/internal/config/db.go:45
[0.000ms] [rows:1] INSERT INTO `drug` (`name`, `measurement`, `type`) VALUES ("test", 1.1, "test");

INSERT INTO `drug` (`name`, `measurement`, `type`) VALUES ("test", 1.1, "test");

INSERT INTO `drug` (`name`, `measurement`, `type`) VALUES ("test", 1.1, "test");

INSERT INTO `drug` (`name`, `measurement`, `type`) VALUES ("test", 1.1, "test");

INSERT INTO `drug` (`name`, `measurement`, `type`) VALUES ("test", 1.1, "test");

INSERT INTO `drug` (`name`, `measurement`, `type`) VALUES ("test", 1.1, "test");
[DB] 2023/09/13 22:54:14 E:/work/internal/drug/repository/repository_mysql.go:21
[0.000ms] [rows:1] SELECT * FROM `drug`
[DB] 2023/09/13 22:58:45 E:/work/internal/config/db.go:38
[0.041ms] [rows:-] SELECT count(*) FROM sqlite_master WHERE type='table' AND name="drug"
[DB] 2023/09/13 22:58:45 E:/work/internal/config/db.go:38
[0.000ms] [rows:0] CREATE TABLE `drug` (`id` integer,`name` text,`measurement` real,`type` text,PRIMARY KEY (`id`))
[DB] 2023/09/13 22:58:45 E:/work/internal/config/db.go:38
[0.000ms] [rows:-] SELECT count(*) FROM sqlite_master WHERE type='table' AND name="doctor"
[DB] 2023/09/13 22:58:45 E:/work/internal/config/db.go:38
[0.000ms] [rows:0] CREATE TABLE `doctor` (`id` integer,`name` text,`department` text,`position` text,PRIMARY KEY (`id`))
[DB] 2023/09/13 22:58:45 E:/work/internal/config/db.go:38
[0.000ms] [rows:-] SELECT count(*) FROM sqlite_master WHERE type='table' AND name="sales"
[DB] 2023/09/13 22:58:45 E:/work/internal/config/db.go:38
[0.000ms] [rows:0] CREATE TABLE `sales` (`id` integer,`name` text,`purchase_price` real,`selling_price` real,PRIMARY KEY (`id`))
[DB] 2023/09/13 22:59:05 E:/work/internal/drug/repository/repository_mysql.go:21
[0.596ms] [rows:6] SELECT * FROM `drug`
[DB] 2023/09/13 22:59:15 E:/work/internal/drug/repository/repository_mysql.go:21
[1.063ms] [rows:6] SELECT * FROM `drug`
[DB] 2023/09/14 15:08:07 E:/work/internal/config/db.go:38
[0.583ms] [rows:-] SELECT count(*) FROM sqlite_master WHERE type='table' AND name="drug"
[DB] 2023/09/14 15:08:07 E:/work/internal/config/db.go:38
[0.521ms] [rows:0] CREATE TABLE `drug` (`id` integer,`name` text,`measurement` real,`type` text,PRIMARY KEY (`id`))
[DB] 2023/09/14 15:08:07 E:/work/internal/config/db.go:38
[0.000ms] [rows:-] SELECT count(*) FROM sqlite_master WHERE type='table' AND name="doctor"
[DB] 2023/09/14 15:08:07 E:/work/internal/config/db.go:38
[0.009ms] [rows:0] CREATE TABLE `doctor` (`id` integer,`name` text,`department` text,`position` text,PRIMARY KEY (`id`))
[DB] 2023/09/14 15:08:07 E:/work/internal/config/db.go:38
[0.000ms] [rows:-] SELECT count(*) FROM sqlite_master WHERE type='table' AND name="sales"
[DB] 2023/09/14 15:08:07 E:/work/internal/config/db.go:38
[0.000ms] [rows:0] CREATE TABLE `sales` (`id` integer,`name` text,`purchase_price` real,`selling_price` real,PRIMARY KEY (`id`))
[DB] 2023/09/14 15:14:36 E:/work/internal/config/db.go:38
[0.000ms] [rows:-] SELECT count(*) FROM sqlite_master WHERE type='table' AND name="drug"
[DB] 2023/09/14 15:14:36 E:/work/internal/config/db.go:38
[0.000ms] [rows:0] CREATE TABLE `drug` (`id` integer,`name` text,`measurement` real,`type` text,PRIMARY KEY (`id`))
[DB] 2023/09/14 15:14:36 E:/work/internal/config/db.go:38
[0.000ms] [rows:-] SELECT count(*) FROM sqlite_master WHERE type='table' AND name="doctor"
[DB] 2023/09/14 15:14:36 E:/work/internal/config/db.go:38
[0.000ms] [rows:0] CREATE TABLE `doctor` (`id` integer,`name` text,`department` text,`position` text,PRIMARY KEY (`id`))
[DB] 2023/09/14 15:14:36 E:/work/internal/config/db.go:38
[0.000ms] [rows:-] SELECT count(*) FROM sqlite_master WHERE type='table' AND name="sales"
[DB] 2023/09/14 15:14:36 E:/work/internal/config/db.go:38
[0.000ms] [rows:0] CREATE TABLE `sales` (`id` integer,`name` text,`purchase_price` real,`selling_price` real,PRIMARY KEY (`id`))
[DB] 2023/09/14 15:16:05 E:/work/internal/drug/repository/repository_mysql.go:21
[1.111ms] [rows:5] SELECT * FROM `drug`
